Info: Starting: Create simulation model
Info: qsys-generate /home/raman/Desktop/Raman/EE-705/Project/LU_Linear_Equation_Solver/LU_Linear_Equation_Solver.qsys --simulation=VHDL --allow-mixed-language-simulation --output-directory=/home/raman/Desktop/Raman/EE-705/Project/LU_Linear_Equation_Solver/LU_Linear_Equation_Solver/simulation --family="Cyclone IV E" --part=EP4CE22F17C6
Progress: Loading LU_Linear_Equation_Solver/LU_Linear_Equation_Solver.qsys
Progress: Reading input file
Progress: Adding LU_Matrix_Equation_Solver_0 [LU_Matrix_Equation_Solver 1.0]
Progress: Parameterizing module LU_Matrix_Equation_Solver_0
Progress: Adding clk_0 [clock_source 18.1]
Progress: Parameterizing module clk_0
Progress: Adding jtag_uart_0 [altera_avalon_jtag_uart 18.1]
Progress: Parameterizing module jtag_uart_0
Progress: Adding nios2_gen2_0 [altera_nios2_gen2 18.1]
Progress: Parameterizing module nios2_gen2_0
Progress: Adding onchip_memory2_0 [altera_avalon_onchip_memory2 18.1]
Progress: Parameterizing module onchip_memory2_0
Progress: Building connections
Progress: Parameterizing connections
Progress: Validating
Progress: Done reading input file
Info: LU_Linear_Equation_Solver.jtag_uart_0: JTAG UART IP input clock need to be at least double (2x) the operating frequency of JTAG TCK on board
Info: LU_Linear_Equation_Solver: Generating LU_Linear_Equation_Solver "LU_Linear_Equation_Solver" for SIM_VHDL
Info: LU_Matrix_Equation_Solver_0: "LU_Linear_Equation_Solver" instantiated LU_Matrix_Equation_Solver "LU_Matrix_Equation_Solver_0"
Info: jtag_uart_0: Starting RTL generation for module 'LU_Linear_Equation_Solver_jtag_uart_0'
Info: jtag_uart_0:   Generation command is [exec /home/raman/Intel/quartus/linux64/perl/bin/perl -I /home/raman/Intel/quartus/linux64/perl/lib -I /home/raman/Intel/quartus/sopc_builder/bin/europa -I /home/raman/Intel/quartus/sopc_builder/bin/perl_lib -I /home/raman/Intel/quartus/sopc_builder/bin -I /home/raman/Intel/quartus/../ip/altera/sopc_builder_ip/common -I /home/raman/Intel/quartus/../ip/altera/sopc_builder_ip/altera_avalon_jtag_uart -- /home/raman/Intel/quartus/../ip/altera/sopc_builder_ip/altera_avalon_jtag_uart/generate_rtl.pl --name=LU_Linear_Equation_Solver_jtag_uart_0 --dir=/tmp/alt8018_2516283321587762516.dir/0004_jtag_uart_0_gen/ --quartus_dir=/home/raman/Intel/quartus --vhdl --config=/tmp/alt8018_2516283321587762516.dir/0004_jtag_uart_0_gen//LU_Linear_Equation_Solver_jtag_uart_0_component_configuration.pl  --do_build_sim=1    --sim_dir=/tmp/alt8018_2516283321587762516.dir/0004_jtag_uart_0_gen/  ]
Info: jtag_uart_0: Done RTL generation for module 'LU_Linear_Equation_Solver_jtag_uart_0'
Info: jtag_uart_0: "LU_Linear_Equation_Solver" instantiated altera_avalon_jtag_uart "jtag_uart_0"
Info: nios2_gen2_0: "LU_Linear_Equation_Solver" instantiated altera_nios2_gen2 "nios2_gen2_0"
Info: onchip_memory2_0: Starting RTL generation for module 'LU_Linear_Equation_Solver_onchip_memory2_0'
Info: onchip_memory2_0:   Generation command is [exec /home/raman/Intel/quartus/linux64/perl/bin/perl -I /home/raman/Intel/quartus/linux64/perl/lib -I /home/raman/Intel/quartus/sopc_builder/bin/europa -I /home/raman/Intel/quartus/sopc_builder/bin/perl_lib -I /home/raman/Intel/quartus/sopc_builder/bin -I /home/raman/Intel/quartus/../ip/altera/sopc_builder_ip/common -I /home/raman/Intel/quartus/../ip/altera/sopc_builder_ip/altera_avalon_onchip_memory2 -- /home/raman/Intel/quartus/../ip/altera/sopc_builder_ip/altera_avalon_onchip_memory2/generate_rtl.pl --name=LU_Linear_Equation_Solver_onchip_memory2_0 --dir=/tmp/alt8018_2516283321587762516.dir/0005_onchip_memory2_0_gen/ --quartus_dir=/home/raman/Intel/quartus --vhdl --config=/tmp/alt8018_2516283321587762516.dir/0005_onchip_memory2_0_gen//LU_Linear_Equation_Solver_onchip_memory2_0_component_configuration.pl  --do_build_sim=1    --sim_dir=/tmp/alt8018_2516283321587762516.dir/0005_onchip_memory2_0_gen/  ]
Info: onchip_memory2_0: Done RTL generation for module 'LU_Linear_Equation_Solver_onchip_memory2_0'
Info: onchip_memory2_0: "LU_Linear_Equation_Solver" instantiated altera_avalon_onchip_memory2 "onchip_memory2_0"
Info: avalon_st_adapter: Inserting error_adapter: error_adapter_0
Info: avalon_st_adapter_001: Inserting error_adapter: error_adapter_0
Info: avalon_st_adapter_002: Inserting error_adapter: error_adapter_0
Info: avalon_st_adapter_003: Inserting error_adapter: error_adapter_0
Info: mm_interconnect_0: "LU_Linear_Equation_Solver" instantiated altera_mm_interconnect "mm_interconnect_0"
Info: irq_mapper: "LU_Linear_Equation_Solver" instantiated altera_irq_mapper "irq_mapper"
Info: rst_controller: "LU_Linear_Equation_Solver" instantiated altera_reset_controller "rst_controller"
Info: cpu: Starting RTL generation for module 'LU_Linear_Equation_Solver_nios2_gen2_0_cpu'
Info: cpu:   Generation command is [exec /home/raman/Intel/quartus/linux64//eperlcmd -I /home/raman/Intel/quartus/linux64//perl/lib -I /home/raman/Intel/quartus/sopc_builder/bin/europa -I /home/raman/Intel/quartus/sopc_builder/bin/perl_lib -I /home/raman/Intel/quartus/sopc_builder/bin -I /home/raman/Intel/quartus/../ip/altera/nios2_ip/altera_nios2_gen2/cpu_lib -I /home/raman/Intel/quartus/../ip/altera/nios2_ip/altera_nios2_gen2/nios_lib -I /home/raman/Intel/quartus/../ip/altera/nios2_ip/altera_nios2_gen2 -I /home/raman/Intel/quartus/../ip/altera/nios2_ip/altera_nios2_gen2 -- /home/raman/Intel/quartus/../ip/altera/nios2_ip/altera_nios2_gen2/generate_rtl.epl --name=LU_Linear_Equation_Solver_nios2_gen2_0_cpu --dir=/tmp/alt8018_2516283321587762516.dir/0008_cpu_gen/ --quartus_bindir=/home/raman/Intel/quartus/linux64/ --verilog --config=/tmp/alt8018_2516283321587762516.dir/0008_cpu_gen//LU_Linear_Equation_Solver_nios2_gen2_0_cpu_processor_configuration.pl  --do_build_sim=1    --sim_dir=/tmp/alt8018_2516283321587762516.dir/0008_cpu_gen/  ]
Info: cpu: # 2019.05.02 18:04:46 (*) Starting Nios II generation
Info: cpu: # 2019.05.02 18:04:46 (*)   Checking for plaintext license.
Info: cpu: # 2019.05.02 18:04:48 (*)   Couldn't query license setup in Quartus directory /home/raman/Intel/quartus/linux64/
Info: cpu: # 2019.05.02 18:04:48 (*)   Defaulting to contents of LM_LICENSE_FILE environment variable
Info: cpu: # 2019.05.02 18:04:48 (*)   LM_LICENSE_FILE environment variable is empty
Info: cpu: # 2019.05.02 18:04:48 (*)   Plaintext license not found.
Info: cpu: # 2019.05.02 18:04:48 (*)   No license required to generate encrypted Nios II/e.
Info: cpu: # 2019.05.02 18:04:48 (*)   Elaborating CPU configuration settings
Info: cpu: # 2019.05.02 18:04:48 (*)   Creating all objects for CPU
Info: cpu: # 2019.05.02 18:04:49 (*)   Creating '/tmp/alt8018_2516283321587762516.dir/0008_cpu_gen//LU_Linear_Equation_Solver_nios2_gen2_0_cpu_nios2_waves.do'
Info: cpu: # 2019.05.02 18:04:49 (*)   Generating RTL from CPU objects
Info: cpu: # 2019.05.02 18:04:49 (*)   Creating plain-text RTL
Info: cpu: # 2019.05.02 18:04:50 (*) Done Nios II generation
Info: cpu: Done RTL generation for module 'LU_Linear_Equation_Solver_nios2_gen2_0_cpu'
Info: cpu: "nios2_gen2_0" instantiated altera_nios2_gen2_unit "cpu"
Info: nios2_gen2_0_data_master_translator: "mm_interconnect_0" instantiated altera_merlin_master_translator "nios2_gen2_0_data_master_translator"
Info: jtag_uart_0_avalon_jtag_slave_translator: "mm_interconnect_0" instantiated altera_merlin_slave_translator "jtag_uart_0_avalon_jtag_slave_translator"
Info: nios2_gen2_0_data_master_agent: "mm_interconnect_0" instantiated altera_merlin_master_agent "nios2_gen2_0_data_master_agent"
Info: jtag_uart_0_avalon_jtag_slave_agent: "mm_interconnect_0" instantiated altera_merlin_slave_agent "jtag_uart_0_avalon_jtag_slave_agent"
Info: jtag_uart_0_avalon_jtag_slave_agent_rsp_fifo: "mm_interconnect_0" instantiated altera_avalon_sc_fifo "jtag_uart_0_avalon_jtag_slave_agent_rsp_fifo"
Info: router: "mm_interconnect_0" instantiated altera_merlin_router "router"
Info: router_001: "mm_interconnect_0" instantiated altera_merlin_router "router_001"
Info: router_002: "mm_interconnect_0" instantiated altera_merlin_router "router_002"
Info: router_003: "mm_interconnect_0" instantiated altera_merlin_router "router_003"
Info: cmd_demux: "mm_interconnect_0" instantiated altera_merlin_demultiplexer "cmd_demux"
Info: cmd_demux_001: "mm_interconnect_0" instantiated altera_merlin_demultiplexer "cmd_demux_001"
Info: cmd_mux: "mm_interconnect_0" instantiated altera_merlin_multiplexer "cmd_mux"
Info: cmd_mux_001: "mm_interconnect_0" instantiated altera_merlin_multiplexer "cmd_mux_001"
Info: Reusing file /home/raman/Desktop/Raman/EE-705/Project/LU_Linear_Equation_Solver/LU_Linear_Equation_Solver/simulation/submodules/altera_merlin_arbitrator.sv
Info: rsp_demux: "mm_interconnect_0" instantiated altera_merlin_demultiplexer "rsp_demux"
Info: rsp_demux_001: "mm_interconnect_0" instantiated altera_merlin_demultiplexer "rsp_demux_001"
Info: rsp_mux: "mm_interconnect_0" instantiated altera_merlin_multiplexer "rsp_mux"
Info: Reusing file /home/raman/Desktop/Raman/EE-705/Project/LU_Linear_Equation_Solver/LU_Linear_Equation_Solver/simulation/submodules/altera_merlin_arbitrator.sv
Info: rsp_mux_001: "mm_interconnect_0" instantiated altera_merlin_multiplexer "rsp_mux_001"
Info: Reusing file /home/raman/Desktop/Raman/EE-705/Project/LU_Linear_Equation_Solver/LU_Linear_Equation_Solver/simulation/submodules/altera_merlin_arbitrator.sv
Info: avalon_st_adapter: "mm_interconnect_0" instantiated altera_avalon_st_adapter "avalon_st_adapter"
Info: error_adapter_0: "avalon_st_adapter" instantiated error_adapter "error_adapter_0"
Info: LU_Linear_Equation_Solver: Done "LU_Linear_Equation_Solver" with 28 modules, 51 files
Info: qsys-generate succeeded.
Info: Finished: Create simulation model
Info: Starting: Create Modelsim Project.
Info: sim-script-gen --spd=/home/raman/Desktop/Raman/EE-705/Project/LU_Linear_Equation_Solver/LU_Linear_Equation_Solver/LU_Linear_Equation_Solver.spd --output-directory=/home/raman/Desktop/Raman/EE-705/Project/LU_Linear_Equation_Solver/LU_Linear_Equation_Solver/simulation/ --use-relative-paths=true
Info: Doing: ip-make-simscript --spd=/home/raman/Desktop/Raman/EE-705/Project/LU_Linear_Equation_Solver/LU_Linear_Equation_Solver/LU_Linear_Equation_Solver.spd --output-directory=/home/raman/Desktop/Raman/EE-705/Project/LU_Linear_Equation_Solver/LU_Linear_Equation_Solver/simulation/ --use-relative-paths=true
Info: Generating the following file(s) for MODELSIM simulator in /home/raman/Desktop/Raman/EE-705/Project/LU_Linear_Equation_Solver/LU_Linear_Equation_Solver/simulation/ directory:
Info: 	mentor/msim_setup.tcl
Info: Skipping VCS script generation since VHDL file $QUARTUS_INSTALL_DIR/eda/sim_lib/altera_syn_attributes.vhd is required for simulation
Info: Generating the following file(s) for VCSMX simulator in /home/raman/Desktop/Raman/EE-705/Project/LU_Linear_Equation_Solver/LU_Linear_Equation_Solver/simulation/ directory:
Info: 	synopsys/vcsmx/synopsys_sim.setup
Info: 	synopsys/vcsmx/vcsmx_setup.sh
Info: Generating the following file(s) for NCSIM simulator in /home/raman/Desktop/Raman/EE-705/Project/LU_Linear_Equation_Solver/LU_Linear_Equation_Solver/simulation/ directory:
Info: 	cadence/cds.lib
Info: 	cadence/hdl.var
Info: 	cadence/ncsim_setup.sh
Info: 	27 .cds.lib files in cadence/cds_libs/ directory
Info: Generating the following file(s) for RIVIERA simulator in /home/raman/Desktop/Raman/EE-705/Project/LU_Linear_Equation_Solver/LU_Linear_Equation_Solver/simulation/ directory:
Info: 	aldec/rivierapro_setup.tcl
Info: For information on how to simulate your IP, see the explanatory comments in the simulator-specific subdirectories under /home/raman/Desktop/Raman/EE-705/Project/LU_Linear_Equation_Solver/LU_Linear_Equation_Solver/simulation/.
Info: Regenerate these scripts whenever you make any change to any Quartus-generated IP in your project.
Info: Finished: Create Modelsim Project.
Info: Starting: Create block symbol file (.bsf)
Info: qsys-generate /home/raman/Desktop/Raman/EE-705/Project/LU_Linear_Equation_Solver/LU_Linear_Equation_Solver.qsys --block-symbol-file --output-directory=/home/raman/Desktop/Raman/EE-705/Project/LU_Linear_Equation_Solver/LU_Linear_Equation_Solver --family="Cyclone IV E" --part=EP4CE22F17C6
Progress: Loading LU_Linear_Equation_Solver/LU_Linear_Equation_Solver.qsys
Progress: Reading input file
Progress: Adding LU_Matrix_Equation_Solver_0 [LU_Matrix_Equation_Solver 1.0]
Progress: Parameterizing module LU_Matrix_Equation_Solver_0
Progress: Adding clk_0 [clock_source 18.1]
Progress: Parameterizing module clk_0
Progress: Adding jtag_uart_0 [altera_avalon_jtag_uart 18.1]
Progress: Parameterizing module jtag_uart_0
Progress: Adding nios2_gen2_0 [altera_nios2_gen2 18.1]
Progress: Parameterizing module nios2_gen2_0
Progress: Adding onchip_memory2_0 [altera_avalon_onchip_memory2 18.1]
Progress: Parameterizing module onchip_memory2_0
Progress: Building connections
Progress: Parameterizing connections
Progress: Validating
Progress: Done reading input file
Info: LU_Linear_Equation_Solver.jtag_uart_0: JTAG UART IP input clock need to be at least double (2x) the operating frequency of JTAG TCK on board
Info: qsys-generate succeeded.
Info: Finished: Create block symbol file (.bsf)
Info: 
Info: Starting: Create HDL design files for synthesis
Info: qsys-generate /home/raman/Desktop/Raman/EE-705/Project/LU_Linear_Equation_Solver/LU_Linear_Equation_Solver.qsys --synthesis=VHDL --output-directory=/home/raman/Desktop/Raman/EE-705/Project/LU_Linear_Equation_Solver/LU_Linear_Equation_Solver/synthesis --family="Cyclone IV E" --part=EP4CE22F17C6
Progress: Loading LU_Linear_Equation_Solver/LU_Linear_Equation_Solver.qsys
Progress: Reading input file
Progress: Adding LU_Matrix_Equation_Solver_0 [LU_Matrix_Equation_Solver 1.0]
Progress: Parameterizing module LU_Matrix_Equation_Solver_0
Progress: Adding clk_0 [clock_source 18.1]
Progress: Parameterizing module clk_0
Progress: Adding jtag_uart_0 [altera_avalon_jtag_uart 18.1]
Progress: Parameterizing module jtag_uart_0
Progress: Adding nios2_gen2_0 [altera_nios2_gen2 18.1]
Progress: Parameterizing module nios2_gen2_0
Progress: Adding onchip_memory2_0 [altera_avalon_onchip_memory2 18.1]
Progress: Parameterizing module onchip_memory2_0
Progress: Building connections
Progress: Parameterizing connections
Progress: Validating
Progress: Done reading input file
Info: LU_Linear_Equation_Solver.jtag_uart_0: JTAG UART IP input clock need to be at least double (2x) the operating frequency of JTAG TCK on board
Info: LU_Linear_Equation_Solver: Generating LU_Linear_Equation_Solver "LU_Linear_Equation_Solver" for QUARTUS_SYNTH
Info: LU_Matrix_Equation_Solver_0: "LU_Linear_Equation_Solver" instantiated LU_Matrix_Equation_Solver "LU_Matrix_Equation_Solver_0"
Info: jtag_uart_0: Starting RTL generation for module 'LU_Linear_Equation_Solver_jtag_uart_0'
Info: jtag_uart_0:   Generation command is [exec /home/raman/Intel/quartus/linux64/perl/bin/perl -I /home/raman/Intel/quartus/linux64/perl/lib -I /home/raman/Intel/quartus/sopc_builder/bin/europa -I /home/raman/Intel/quartus/sopc_builder/bin/perl_lib -I /home/raman/Intel/quartus/sopc_builder/bin -I /home/raman/Intel/quartus/../ip/altera/sopc_builder_ip/common -I /home/raman/Intel/quartus/../ip/altera/sopc_builder_ip/altera_avalon_jtag_uart -- /home/raman/Intel/quartus/../ip/altera/sopc_builder_ip/altera_avalon_jtag_uart/generate_rtl.pl --name=LU_Linear_Equation_Solver_jtag_uart_0 --dir=/tmp/alt8018_2516283321587762516.dir/0029_jtag_uart_0_gen/ --quartus_dir=/home/raman/Intel/quartus --verilog --config=/tmp/alt8018_2516283321587762516.dir/0029_jtag_uart_0_gen//LU_Linear_Equation_Solver_jtag_uart_0_component_configuration.pl  --do_build_sim=0  ]
Info: jtag_uart_0: Done RTL generation for module 'LU_Linear_Equation_Solver_jtag_uart_0'
Info: jtag_uart_0: "LU_Linear_Equation_Solver" instantiated altera_avalon_jtag_uart "jtag_uart_0"
Info: nios2_gen2_0: "LU_Linear_Equation_Solver" instantiated altera_nios2_gen2 "nios2_gen2_0"
Info: onchip_memory2_0: Starting RTL generation for module 'LU_Linear_Equation_Solver_onchip_memory2_0'
Info: onchip_memory2_0:   Generation command is [exec /home/raman/Intel/quartus/linux64/perl/bin/perl -I /home/raman/Intel/quartus/linux64/perl/lib -I /home/raman/Intel/quartus/sopc_builder/bin/europa -I /home/raman/Intel/quartus/sopc_builder/bin/perl_lib -I /home/raman/Intel/quartus/sopc_builder/bin -I /home/raman/Intel/quartus/../ip/altera/sopc_builder_ip/common -I /home/raman/Intel/quartus/../ip/altera/sopc_builder_ip/altera_avalon_onchip_memory2 -- /home/raman/Intel/quartus/../ip/altera/sopc_builder_ip/altera_avalon_onchip_memory2/generate_rtl.pl --name=LU_Linear_Equation_Solver_onchip_memory2_0 --dir=/tmp/alt8018_2516283321587762516.dir/0030_onchip_memory2_0_gen/ --quartus_dir=/home/raman/Intel/quartus --verilog --config=/tmp/alt8018_2516283321587762516.dir/0030_onchip_memory2_0_gen//LU_Linear_Equation_Solver_onchip_memory2_0_component_configuration.pl  --do_build_sim=0  ]
Info: onchip_memory2_0: Done RTL generation for module 'LU_Linear_Equation_Solver_onchip_memory2_0'
Info: onchip_memory2_0: "LU_Linear_Equation_Solver" instantiated altera_avalon_onchip_memory2 "onchip_memory2_0"
Info: avalon_st_adapter: Inserting error_adapter: error_adapter_0
Info: avalon_st_adapter_001: Inserting error_adapter: error_adapter_0
Info: avalon_st_adapter_002: Inserting error_adapter: error_adapter_0
Info: avalon_st_adapter_003: Inserting error_adapter: error_adapter_0
Info: mm_interconnect_0: "LU_Linear_Equation_Solver" instantiated altera_mm_interconnect "mm_interconnect_0"
Info: irq_mapper: "LU_Linear_Equation_Solver" instantiated altera_irq_mapper "irq_mapper"
Info: rst_controller: "LU_Linear_Equation_Solver" instantiated altera_reset_controller "rst_controller"
Info: cpu: Starting RTL generation for module 'LU_Linear_Equation_Solver_nios2_gen2_0_cpu'
Info: cpu:   Generation command is [exec /home/raman/Intel/quartus/linux64//eperlcmd -I /home/raman/Intel/quartus/linux64//perl/lib -I /home/raman/Intel/quartus/sopc_builder/bin/europa -I /home/raman/Intel/quartus/sopc_builder/bin/perl_lib -I /home/raman/Intel/quartus/sopc_builder/bin -I /home/raman/Intel/quartus/../ip/altera/nios2_ip/altera_nios2_gen2/cpu_lib -I /home/raman/Intel/quartus/../ip/altera/nios2_ip/altera_nios2_gen2/nios_lib -I /home/raman/Intel/quartus/../ip/altera/nios2_ip/altera_nios2_gen2 -I /home/raman/Intel/quartus/../ip/altera/nios2_ip/altera_nios2_gen2 -- /home/raman/Intel/quartus/../ip/altera/nios2_ip/altera_nios2_gen2/generate_rtl.epl --name=LU_Linear_Equation_Solver_nios2_gen2_0_cpu --dir=/tmp/alt8018_2516283321587762516.dir/0033_cpu_gen/ --quartus_bindir=/home/raman/Intel/quartus/linux64/ --verilog --config=/tmp/alt8018_2516283321587762516.dir/0033_cpu_gen//LU_Linear_Equation_Solver_nios2_gen2_0_cpu_processor_configuration.pl  --do_build_sim=0  ]
Info: cpu: # 2019.05.02 18:05:02 (*) Starting Nios II generation
Info: cpu: # 2019.05.02 18:05:02 (*)   Checking for plaintext license.
Info: cpu: # 2019.05.02 18:05:03 (*)   Couldn't query license setup in Quartus directory /home/raman/Intel/quartus/linux64/
Info: cpu: # 2019.05.02 18:05:03 (*)   Defaulting to contents of LM_LICENSE_FILE environment variable
Info: cpu: # 2019.05.02 18:05:03 (*)   LM_LICENSE_FILE environment variable is empty
Info: cpu: # 2019.05.02 18:05:03 (*)   Plaintext license not found.
Info: cpu: # 2019.05.02 18:05:03 (*)   No license required to generate encrypted Nios II/e.
Info: cpu: # 2019.05.02 18:05:03 (*)   Elaborating CPU configuration settings
Info: cpu: # 2019.05.02 18:05:03 (*)   Creating all objects for CPU
Info: cpu: # 2019.05.02 18:05:04 (*)   Generating RTL from CPU objects
Info: cpu: # 2019.05.02 18:05:04 (*)   Creating plain-text RTL
Info: cpu: # 2019.05.02 18:05:05 (*) Done Nios II generation
Info: cpu: Done RTL generation for module 'LU_Linear_Equation_Solver_nios2_gen2_0_cpu'
Info: cpu: "nios2_gen2_0" instantiated altera_nios2_gen2_unit "cpu"
Info: nios2_gen2_0_data_master_translator: "mm_interconnect_0" instantiated altera_merlin_master_translator "nios2_gen2_0_data_master_translator"
Info: jtag_uart_0_avalon_jtag_slave_translator: "mm_interconnect_0" instantiated altera_merlin_slave_translator "jtag_uart_0_avalon_jtag_slave_translator"
Info: nios2_gen2_0_data_master_agent: "mm_interconnect_0" instantiated altera_merlin_master_agent "nios2_gen2_0_data_master_agent"
Info: jtag_uart_0_avalon_jtag_slave_agent: "mm_interconnect_0" instantiated altera_merlin_slave_agent "jtag_uart_0_avalon_jtag_slave_agent"
Info: jtag_uart_0_avalon_jtag_slave_agent_rsp_fifo: "mm_interconnect_0" instantiated altera_avalon_sc_fifo "jtag_uart_0_avalon_jtag_slave_agent_rsp_fifo"
Info: router: "mm_interconnect_0" instantiated altera_merlin_router "router"
Info: router_001: "mm_interconnect_0" instantiated altera_merlin_router "router_001"
Info: router_002: "mm_interconnect_0" instantiated altera_merlin_router "router_002"
Info: router_003: "mm_interconnect_0" instantiated altera_merlin_router "router_003"
Info: cmd_demux: "mm_interconnect_0" instantiated altera_merlin_demultiplexer "cmd_demux"
Info: cmd_demux_001: "mm_interconnect_0" instantiated altera_merlin_demultiplexer "cmd_demux_001"
Info: cmd_mux: "mm_interconnect_0" instantiated altera_merlin_multiplexer "cmd_mux"
Info: cmd_mux_001: "mm_interconnect_0" instantiated altera_merlin_multiplexer "cmd_mux_001"
Info: Reusing file /home/raman/Desktop/Raman/EE-705/Project/LU_Linear_Equation_Solver/LU_Linear_Equation_Solver/synthesis/submodules/altera_merlin_arbitrator.sv
Info: rsp_demux: "mm_interconnect_0" instantiated altera_merlin_demultiplexer "rsp_demux"
Info: rsp_demux_001: "mm_interconnect_0" instantiated altera_merlin_demultiplexer "rsp_demux_001"
Info: rsp_mux: "mm_interconnect_0" instantiated altera_merlin_multiplexer "rsp_mux"
Info: Reusing file /home/raman/Desktop/Raman/EE-705/Project/LU_Linear_Equation_Solver/LU_Linear_Equation_Solver/synthesis/submodules/altera_merlin_arbitrator.sv
Info: rsp_mux_001: "mm_interconnect_0" instantiated altera_merlin_multiplexer "rsp_mux_001"
Info: Reusing file /home/raman/Desktop/Raman/EE-705/Project/LU_Linear_Equation_Solver/LU_Linear_Equation_Solver/synthesis/submodules/altera_merlin_arbitrator.sv
Info: avalon_st_adapter: "mm_interconnect_0" instantiated altera_avalon_st_adapter "avalon_st_adapter"
Info: error_adapter_0: "avalon_st_adapter" instantiated error_adapter "error_adapter_0"
Info: LU_Linear_Equation_Solver: Done "LU_Linear_Equation_Solver" with 28 modules, 44 files
Info: qsys-generate succeeded.
Info: Finished: Create HDL design files for synthesis
